<?xml version="1.0" encoding="UTF-8"?>
<testsuite name="com.example.LoginRepoTest" tests="1" skipped="0" failures="0" errors="0" timestamp="2024-01-26T06:36:33" hostname="DESKTOP-7SFLMT6" time="0.825">
  <properties/>
  <testcase name="testExecute()[jvm]" classname="com.example.LoginRepoTest" time="0.825"/>
  <system-out><![CDATA[M7D-Logger			requestProperties: {Content-Type=[application/x-www-form-urlencoded]}
M7D-Logger			requestParameters: email=abcde@gmail.com&password=abcde123456789
M7D-Logger			dataObject: {token=eyJ0eXAiOiJKV1QiLCJhbGciOiJSUzI1NiJ9.eyJhdWQiOiIxIiwianRpIjoiZDM3YzgxZGE1Y2NlMTJkMmUwYWZmYjRjNWQxMzc3ZTFlNjdmMWMwNDJiMzI4NjkwMTVmZGJlZGE1Yzc4OTVlNWI2ODlmMDFjZDBkZDUzM2EiLCJpYXQiOjE3MDYyNTA5OTMuODY5OTU3LCJuYmYiOjE3MDYyNTA5OTMuODY5OTYsImV4cCI6MTczNzg3MzM5My44Mjc5NjgsInN1YiI6IjE4Iiwic2NvcGVzIjpbXX0.hv26k3aOiQ6PgzxkPF4T0NWze2kFQ-hUUDxC707An7OEYPduPW08ksXDgTfFOm-VJsN6JJVHBCk8iCzYg7qvMeMS7P5D4IBwlKGbzcNWV8PGrAXaEFuIoivtiFC6F4EUOF60bteazfGpI0_DAr3HWmsI3w0WnQXNxZrM4QFu7my5s0Z0LlHNQEUkQn8hSOrW4G238eDS9UqjyIrOMy2b3OfeTts_BQxxbXr8CeDFCrYE8SK0Qv1rTCjqjz8GS4k91MvOi8Ei8R_JeMW2-t-VPjS1MdMW76AgmYTowEzlocNIt3YILxEydDR24cR6HTSQJsZT1x-Dw0rgkhc6-pK5LKZanhUDAqftDL81zW6WBgJKW7xBicudmy74U0jMexLb0E_RMTSxO3OW8V5JT_Yb_FuzUm04lDZEtwebHZxKW0XbqniZ6hjzuOUIw5XVrt-xGRcPZnIDgYBQ5uZ0QMnFNdl9lZ7Q_12qcdpfYEiPkzYw3KZncDGJrNrW8TIM9jap7ceY2hKF1BzVLjfM1jr8GzZ5QwHVrSocpCSZPK87y3v3jthgvcFLZTV4dNObJi4Zb48Ky6j43Mhh7XBEzng_R4UZsOzkLWnOxQkgRgSILKMItVdBe9E6FfjBxfgRJ-FV2hOba4ptOd1UaHFNwmuRU5HH7sjJ4tXjfIWA6boj-uM}
M7D-Logger			jsonObject: {"token":"eyJ0eXAiOiJKV1QiLCJhbGciOiJSUzI1NiJ9.eyJhdWQiOiIxIiwianRpIjoiZDM3YzgxZGE1Y2NlMTJkMmUwYWZmYjRjNWQxMzc3ZTFlNjdmMWMwNDJiMzI4NjkwMTVmZGJlZGE1Yzc4OTVlNWI2ODlmMDFjZDBkZDUzM2EiLCJpYXQiOjE3MDYyNTA5OTMuODY5OTU3LCJuYmYiOjE3MDYyNTA5OTMuODY5OTYsImV4cCI6MTczNzg3MzM5My44Mjc5NjgsInN1YiI6IjE4Iiwic2NvcGVzIjpbXX0.hv26k3aOiQ6PgzxkPF4T0NWze2kFQ-hUUDxC707An7OEYPduPW08ksXDgTfFOm-VJsN6JJVHBCk8iCzYg7qvMeMS7P5D4IBwlKGbzcNWV8PGrAXaEFuIoivtiFC6F4EUOF60bteazfGpI0_DAr3HWmsI3w0WnQXNxZrM4QFu7my5s0Z0LlHNQEUkQn8hSOrW4G238eDS9UqjyIrOMy2b3OfeTts_BQxxbXr8CeDFCrYE8SK0Qv1rTCjqjz8GS4k91MvOi8Ei8R_JeMW2-t-VPjS1MdMW76AgmYTowEzlocNIt3YILxEydDR24cR6HTSQJsZT1x-Dw0rgkhc6-pK5LKZanhUDAqftDL81zW6WBgJKW7xBicudmy74U0jMexLb0E_RMTSxO3OW8V5JT_Yb_FuzUm04lDZEtwebHZxKW0XbqniZ6hjzuOUIw5XVrt-xGRcPZnIDgYBQ5uZ0QMnFNdl9lZ7Q_12qcdpfYEiPkzYw3KZncDGJrNrW8TIM9jap7ceY2hKF1BzVLjfM1jr8GzZ5QwHVrSocpCSZPK87y3v3jthgvcFLZTV4dNObJi4Zb48Ky6j43Mhh7XBEzng_R4UZsOzkLWnOxQkgRgSILKMItVdBe9E6FfjBxfgRJ-FV2hOba4ptOd1UaHFNwmuRU5HH7sjJ4tXjfIWA6boj-uM"}
M7D-Logger			jsonObject: {}
]]></system-out>
  <system-err><![CDATA[]]></system-err>
</testsuite>
